<?xml version="1.0" encoding="UTF-8"?>
<!-- Generated by org.testng.reporters.JUnitReportReporter -->
<testsuite hostname="DESKTOP-KHEHM2V" failures="0" tests="1" name="Testing.Demo2" time="0.006" errors="0" timestamp="2023-08-23T12:20:38 IST" skipped="0">
  <testcase classname="Testing.Demo2" name="Test6" time="0.006"/>
</testsuite> <!-- Testing.Demo2 -->
