<?xml version="1.0" encoding="UTF-8"?>
<!-- Generated by org.testng.reporters.JUnitReportReporter -->
<testsuite hostname="DESKTOP-KHEHM2V" failures="0" tests="3" name="Testing.Demo5" time="0.041" errors="0" timestamp="2023-08-22T18:52:10 IST" skipped="0">
  <testcase classname="Testing.Demo5" name="Test13" time="0.028"/>
  <testcase classname="Testing.Demo5" name="Test15" time="0.003"/>
  <testcase classname="Testing.Demo5" name="Test14" time="0.010"/>
</testsuite> <!-- Testing.Demo5 -->
