<?xml version="1.0" encoding="UTF-8"?>
<!-- Generated by org.testng.reporters.JUnitReportReporter -->
<testsuite hostname="DESKTOP-KHEHM2V" failures="0" tests="2" name="Testing.Demo4" time="0.024" errors="0" timestamp="2023-08-23T12:20:38 IST" skipped="0">
  <testcase classname="Testing.Demo4" name="Test10" time="0.017"/>
  <testcase classname="Testing.Demo4" name="Test12" time="0.007"/>
</testsuite> <!-- Testing.Demo4 -->
