<?xml version="1.0" encoding="UTF-8"?>
<!-- Generated by org.testng.reporters.JUnitReportReporter -->
<testsuite hostname="DESKTOP-KHEHM2V" failures="0" tests="3" name="Testing.Demo7" time="0.005" errors="0" timestamp="2023-08-22T18:52:10 IST" skipped="1">
  <testcase classname="Testing.Demo7" name="Test20" time="0.002"/>
  <testcase classname="Testing.Demo7" name="Test19" time="0.003"/>
  <testcase classname="Testing.Demo7" name="Test21">
    <skipped/>
  </testcase> <!-- Test21 -->
</testsuite> <!-- Testing.Demo7 -->
