<?xml version="1.0" encoding="UTF-8"?>
<!-- Generated by org.testng.reporters.JUnitReportReporter -->
<testsuite hostname="DESKTOP-KHEHM2V" failures="0" tests="3" name="Testing.Demo8" time="0.018" errors="0" timestamp="2023-08-22T18:52:10 IST" skipped="0">
  <testcase classname="Testing.Demo8" name="Test23" time="0.006"/>
  <testcase classname="Testing.Demo8" name="Test24" time="0.007"/>
  <testcase classname="Testing.Demo8" name="Test22" time="0.005"/>
</testsuite> <!-- Testing.Demo8 -->
